<?xml version="1.0" encoding="UTF-8"?>
<Site BuildName="Linux-g++"
	BuildStamp="20240222-0905-Experimental"
	Name="vpert"
	Generator="ctest-3.28.3"
	CompilerName="/usr/bin/g++"
	CompilerVersion="13.2.1"
	OSName="Linux"
	Hostname="vpert"
	OSRelease="6.7.4-zen1-1-zen"
	OSVersion="#1 ZEN SMP PREEMPT_DYNAMIC Mon, 05 Feb 2024 22:07:37 +0000"
	OSPlatform="x86_64"
	Is64Bits="1"
	VendorString="AuthenticAMD"
	VendorID="Advanced Micro Devices"
	FamilyID="23"
	ModelID="96"
	ProcessorCacheSize="512"
	NumberOfLogicalCPU="16"
	NumberOfPhysicalCPU="8"
	TotalVirtualMemory="4095"
	TotalPhysicalMemory="15405"
	LogicalProcessorsPerPhysical="2"
	ProcessorClockFrequency="4159.73"
	>
	<Testing>
		<StartDateTime>Feb 22 12:05 MSK</StartDateTime>
		<StartTestTime>1708592722</StartTestTime>
		<TestList/>
		<EndDateTime>Feb 22 12:05 MSK</EndDateTime>
		<EndTestTime>1708592722</EndTestTime>
		<ElapsedMinutes>0</ElapsedMinutes>
	</Testing>
</Site>
