<?xml version="1.0" encoding="UTF-8"?>
<Site BuildName="Linux-g++"
	BuildStamp="20240218-1820-Experimental"
	Name="vpert"
	Generator="ctest-3.28.3"
	CompilerName="/usr/bin/g++"
	CompilerVersion="13.2.1"
	OSName="Linux"
	Hostname="vpert"
	OSRelease="6.7.4-arch1-1"
	OSVersion="#1 SMP PREEMPT_DYNAMIC Mon, 05 Feb 2024 22:07:49 +0000"
	OSPlatform="x86_64"
	Is64Bits="1"
	VendorString="AuthenticAMD"
	VendorID="Advanced Micro Devices"
	FamilyID="23"
	ModelID="96"
	ProcessorCacheSize="512"
	NumberOfLogicalCPU="16"
	NumberOfPhysicalCPU="8"
	TotalVirtualMemory="4095"
	TotalPhysicalMemory="15409"
	LogicalProcessorsPerPhysical="2"
	ProcessorClockFrequency="3984.54"
	>
	<Testing>
		<StartDateTime>Feb 18 21:20 MSK</StartDateTime>
		<StartTestTime>1708280442</StartTestTime>
		<TestList/>
		<EndDateTime>Feb 18 21:20 MSK</EndDateTime>
		<EndTestTime>1708280442</EndTestTime>
		<ElapsedMinutes>0</ElapsedMinutes>
	</Testing>
</Site>
